2026-05-20 20:18:09 [full] committed local changes
2026-05-20 20:18:13 [full] pushed
2026-05-20 20:28:44 [full] committed local changes
2026-05-20 20:28:48 [full] pushed
2026-05-20 20:39:18 [full] committed local changes
2026-05-20 20:39:22 [full] pushed
2026-05-20 20:49:52 [full] committed local changes
2026-05-20 20:49:56 [full] pushed
2026-05-20 21:00:28 [full] committed local changes
2026-05-20 21:00:31 [full] pushed
2026-05-20 21:11:03 [full] committed local changes
2026-05-20 21:11:07 [full] pushed
2026-05-20 21:21:38 [full] committed local changes
2026-05-20 21:21:41 [full] pushed
2026-05-20 21:32:11 [full] committed local changes
2026-05-20 21:32:16 [full] pushed
2026-05-20 21:42:48 [full] committed local changes
2026-05-20 21:42:52 [full] pushed
2026-05-20 21:53:26 [full] committed local changes
2026-05-20 21:53:30 [full] pushed
2026-05-20 22:04:01 [full] committed local changes
2026-05-20 22:04:05 [full] pushed
2026-05-20 22:14:35 [full] committed local changes
2026-05-20 22:14:39 [full] pushed
2026-05-20 22:25:10 [full] committed local changes
2026-05-20 22:25:13 [full] pushed
2026-05-20 22:35:44 [full] committed local changes
2026-05-20 22:35:48 [full] pushed
2026-05-20 22:46:19 [full] committed local changes
2026-05-20 22:46:23 [full] pushed
2026-05-20 22:56:53 [full] committed local changes
2026-05-20 22:56:57 [full] pushed
2026-05-20 23:07:28 [full] committed local changes
2026-05-20 23:07:32 [full] pushed
2026-05-20 23:18:03 [full] committed local changes
2026-05-20 23:18:07 [full] pushed
2026-05-20 23:28:37 [full] committed local changes
2026-05-20 23:28:41 [full] pushed
2026-05-20 23:39:18 [full] committed local changes
2026-05-20 23:39:23 [full] pushed
2026-05-20 23:49:52 [full] committed local changes
2026-05-20 23:49:56 [full] pushed
2026-05-21 00:00:29 [full] committed local changes
2026-05-21 00:00:35 [full] pushed
2026-05-21 00:11:12 [full] committed local changes
2026-05-21 00:11:16 [full] pushed
2026-05-21 00:21:46 [full] committed local changes
2026-05-21 00:21:50 [full] pushed
2026-05-21 00:32:18 [full] committed local changes
2026-05-21 00:32:22 [full] pushed
2026-05-21 00:42:49 [full] committed local changes
2026-05-21 00:42:52 [full] pushed
2026-05-21 00:53:19 [full] committed local changes
2026-05-21 00:53:23 [full] pushed
2026-05-21 01:03:52 [full] committed local changes
2026-05-21 01:03:56 [full] pushed
2026-05-21 01:14:26 [full] committed local changes
2026-05-21 01:14:30 [full] pushed
2026-05-21 01:25:01 [full] committed local changes
2026-05-21 01:25:05 [full] pushed
2026-05-21 01:35:36 [full] committed local changes
2026-05-21 01:35:39 [full] pushed
2026-05-21 01:46:10 [full] committed local changes
2026-05-21 01:46:14 [full] pushed
2026-05-21 01:56:44 [full] committed local changes
2026-05-21 01:56:48 [full] pushed
2026-05-21 02:07:19 [full] committed local changes
2026-05-21 02:07:23 [full] pushed
2026-05-21 02:17:54 [full] committed local changes
2026-05-21 02:17:58 [full] pushed
2026-05-21 02:28:30 [full] committed local changes
2026-05-21 02:28:34 [full] pushed
2026-05-21 02:39:05 [full] committed local changes
2026-05-21 02:39:09 [full] pushed
2026-05-21 02:49:39 [full] committed local changes
2026-05-21 02:49:43 [full] pushed
2026-05-21 03:00:13 [full] committed local changes
2026-05-21 03:00:17 [full] pushed
2026-05-21 03:10:47 [full] committed local changes
2026-05-21 03:10:51 [full] pushed
2026-05-21 03:21:20 [full] committed local changes
2026-05-21 03:21:24 [full] pushed
2026-05-21 03:31:54 [full] committed local changes
2026-05-21 03:31:57 [full] pushed
2026-05-21 03:42:27 [full] committed local changes
2026-05-21 03:42:30 [full] pushed
2026-05-21 03:53:00 [full] committed local changes
2026-05-21 03:53:03 [full] pushed
2026-05-21 04:03:32 [full] committed local changes
2026-05-21 04:03:36 [full] pushed
2026-05-21 04:14:05 [full] committed local changes
2026-05-21 04:14:08 [full] pushed
2026-05-21 04:24:39 [full] committed local changes
2026-05-21 04:24:43 [full] pushed
2026-05-21 04:35:15 [full] committed local changes
2026-05-21 04:35:19 [full] pushed
2026-05-21 04:45:48 [full] committed local changes
2026-05-21 04:45:52 [full] pushed
2026-05-21 04:56:21 [full] committed local changes
2026-05-21 04:56:25 [full] pushed
2026-05-21 05:06:54 [full] committed local changes
2026-05-21 05:06:58 [full] pushed
2026-05-21 05:17:26 [full] committed local changes
2026-05-21 05:17:29 [full] pushed
2026-05-21 05:27:57 [full] committed local changes
2026-05-21 05:28:00 [full] pushed
2026-05-21 05:38:27 [full] committed local changes
2026-05-21 05:38:30 [full] pushed
2026-05-21 05:48:58 [full] committed local changes
2026-05-21 05:49:01 [full] pushed
2026-05-21 05:59:28 [full] committed local changes
2026-05-21 05:59:32 [full] pushed
2026-05-21 06:10:00 [full] committed local changes
2026-05-21 06:10:04 [full] pushed
2026-05-21 06:20:31 [full] committed local changes
2026-05-21 06:20:34 [full] pushed
2026-05-21 06:31:02 [full] committed local changes
2026-05-21 06:31:06 [full] pushed
2026-05-21 06:41:33 [full] committed local changes
2026-05-21 06:41:37 [full] pushed
2026-05-21 06:52:03 [full] committed local changes
2026-05-21 06:52:07 [full] pushed
2026-05-21 07:02:34 [full] committed local changes
2026-05-21 07:02:38 [full] pushed
2026-05-21 07:13:05 [full] committed local changes
2026-05-21 07:13:09 [full] pushed
2026-05-21 07:23:38 [full] committed local changes
2026-05-21 07:23:41 [full] pushed
2026-05-21 07:34:10 [full] committed local changes
2026-05-21 07:34:14 [full] pushed
2026-05-21 07:44:43 [full] committed local changes
2026-05-21 07:44:47 [full] pushed
2026-05-21 07:55:16 [full] committed local changes
2026-05-21 07:55:19 [full] pushed
2026-05-21 08:05:48 [full] committed local changes
2026-05-21 08:05:52 [full] pushed
2026-05-21 08:16:21 [full] committed local changes
2026-05-21 08:16:25 [full] pushed
2026-05-21 08:26:55 [full] committed local changes
2026-05-21 08:26:59 [full] pushed
2026-05-21 08:37:28 [full] committed local changes
2026-05-21 08:37:32 [full] pushed
2026-05-21 08:48:01 [full] committed local changes
2026-05-21 08:48:05 [full] pushed
2026-05-21 08:58:34 [full] committed local changes
2026-05-21 08:58:38 [full] pushed
2026-05-21 09:09:08 [full] committed local changes
2026-05-21 09:09:11 [full] pushed
2026-05-21 09:19:41 [full] committed local changes
2026-05-21 09:19:44 [full] pushed
2026-05-21 09:30:13 [full] committed local changes
2026-05-21 09:30:17 [full] pushed
2026-05-21 09:40:47 [full] committed local changes
2026-05-21 09:40:51 [full] pushed
2026-05-21 09:51:20 [full] committed local changes
2026-05-21 09:51:24 [full] pushed
ssh: connect to host github.com port 22: Undefined error: 0
fatal: Could not read from remote repository.

Please make sure you have the correct access rights
and the repository exists.
2026-05-21 12:29:18 [full] pull/rebase failed — left local intact, will retry next run
2026-05-21 12:29:18 [full] committed local changes
ssh: connect to host github.com port 22: Undefined error: 0
fatal: Could not read from remote repository.

Please make sure you have the correct access rights
and the repository exists.
2026-05-21 12:29:18 [full] push failed — will retry next run
ssh: connect to host github.com port 22: Undefined error: 0
fatal: Could not read from remote repository.

Please make sure you have the correct access rights
and the repository exists.
2026-05-21 12:39:26 [full] pull/rebase failed — left local intact, will retry next run
2026-05-21 12:39:26 [full] committed local changes
ssh: connect to host github.com port 22: Undefined error: 0
fatal: Could not read from remote repository.

Please make sure you have the correct access rights
and the repository exists.
2026-05-21 12:39:26 [full] push failed — will retry next run
2026-05-21 12:49:35 [full] committed local changes
2026-05-21 12:49:37 [full] pushed
2026-05-21 18:16:30 [full] committed local changes
2026-05-21 18:16:33 [full] pushed
2026-05-21 18:26:51 [full] committed local changes
2026-05-21 18:26:53 [full] pushed
2026-05-21 18:37:10 [full] committed local changes
2026-05-21 18:37:12 [full] pushed
2026-05-21 18:47:29 [full] committed local changes
2026-05-21 18:47:31 [full] pushed
2026-05-21 18:57:49 [full] committed local changes
2026-05-21 18:57:52 [full] pushed
2026-05-21 19:08:10 [full] committed local changes
2026-05-21 19:08:12 [full] pushed
2026-05-21 19:18:31 [full] committed local changes
2026-05-21 19:18:34 [full] pushed
2026-05-21 19:28:52 [full] committed local changes
2026-05-21 19:28:54 [full] pushed
